# JRE version: Java(TM) SE Runtime Environment (8.0_191-b12) (build 1.8.0_191-b12)
# Java VM: Java HotSpot(TM) 64-Bit Server VM (25.191-b12 mixed mode linux-amd64 compressed oops)
Heap:
 PSYoungGen      total 416768K, used 23887K [0x00000000e0000000, 0x00000000fb780000, 0x0000000100000000)
  eden space 386560K, 0% used [0x00000000e0000000,0x00000000e0000000,0x00000000f7980000)
  from space 30208K, 79% used [0x00000000f7980000,0x00000000f90d3e68,0x00000000f9700000)
  to   space 26624K, 0% used [0x00000000f9700000,0x00000000f9700000,0x00000000fb100000)
 ParOldGen       total 88576K, used 36481K [0x00000000a0000000, 0x00000000a5680000, 0x00000000e0000000)
  object space 88576K, 41% used [0x00000000a0000000,0x00000000a23a05a0,0x00000000a5680000)
 Metaspace       used 87172K, capacity 90393K, committed 90752K, reserved 1128448K
  class space    used 11663K, capacity 12298K, committed 12416K, reserved 1048576K
GC Heap History (10 events):
Event: 59.707 GC heap after
Heap after GC invocations=17 (full 3):
 PSYoungGen      total 297472K, used 15017K [0x00000000e0000000, 0x00000000f3f80000, 0x0000000100000000)
  eden space 277504K, 0% used [0x00000000e0000000,0x00000000e0000000,0x00000000f0f00000)
  from space 19968K, 75% used [0x00000000f2380000,0x00000000f322a638,0x00000000f3700000)
  to   space 20992K, 0% used [0x00000000f0f00000,0x00000000f0f00000,0x00000000f2380000)
 ParOldGen       total 88576K, used 36441K [0x00000000a0000000, 0x00000000a5680000, 0x00000000e0000000)
  object space 88576K, 41% used [0x00000000a0000000,0x00000000a23965a0,0x00000000a5680000)
 Metaspace       used 74352K, capacity 76221K, committed 76416K, reserved 1116160K
  class space    used 10067K, capacity 10506K, committed 10624K, reserved 1048576K
}
Event: 61.891 GC heap before
{Heap before GC invocations=18 (full 3):
 PSYoungGen      total 297472K, used 292238K [0x00000000e0000000, 0x00000000f3f80000, 0x0000000100000000)
  eden space 277504K, 99% used [0x00000000e0000000,0x00000000f0eb9218,0x00000000f0f00000)
  from space 19968K, 75% used [0x00000000f2380000,0x00000000f322a638,0x00000000f3700000)
  to   space 20992K, 0% used [0x00000000f0f00000,0x00000000f0f00000,0x00000000f2380000)
 ParOldGen       total 88576K, used 36441K [0x00000000a0000000, 0x00000000a5680000, 0x00000000e0000000)
  object space 88576K, 41% used [0x00000000a0000000,0x00000000a23965a0,0x00000000a5680000)
 Metaspace       used 75450K, capacity 77515K, committed 77568K, reserved 1116160K
  class space    used 10242K, capacity 10739K, committed 10752K, reserved 1048576K
Event: 61.930 GC heap after
Heap after GC invocations=18 (full 3):
 PSYoungGen      total 298496K, used 17705K [0x00000000e0000000, 0x00000000f7700000, 0x0000000100000000)
  eden space 277504K, 0% used [0x00000000e0000000,0x00000000e0000000,0x00000000f0f00000)
  from space 20992K, 84% used [0x00000000f0f00000,0x00000000f204a5a8,0x00000000f2380000)
  to   space 22528K, 0% used [0x00000000f6100000,0x00000000f6100000,0x00000000f7700000)
 ParOldGen       total 88576K, used 36449K [0x00000000a0000000, 0x00000000a5680000, 0x00000000e0000000)
  object space 88576K, 41% used [0x00000000a0000000,0x00000000a23985a0,0x00000000a5680000)
 Metaspace       used 75450K, capacity 77515K, committed 77568K, reserved 1116160K
  class space    used 10242K, capacity 10739K, committed 10752K, reserved 1048576K
}
Event: 64.057 GC heap before
{Heap before GC invocations=19 (full 3):
 PSYoungGen      total 298496K, used 294613K [0x00000000e0000000, 0x00000000f7700000, 0x0000000100000000)
  eden space 277504K, 99% used [0x00000000e0000000,0x00000000f0e6b080,0x00000000f0f00000)
  from space 20992K, 84% used [0x00000000f0f00000,0x00000000f204a5a8,0x00000000f2380000)
  to   space 22528K, 0% used [0x00000000f6100000,0x00000000f6100000,0x00000000f7700000)
 ParOldGen       total 88576K, used 36449K [0x00000000a0000000, 0x00000000a5680000, 0x00000000e0000000)
  object space 88576K, 41% used [0x00000000a0000000,0x00000000a23985a0,0x00000000a5680000)
 Metaspace       used 76544K, capacity 78731K, committed 79104K, reserved 1118208K
  class space    used 10391K, capacity 10885K, committed 11008K, reserved 1048576K
Event: 64.095 GC heap after
Heap after GC invocations=19 (full 3):
 PSYoungGen      total 359424K, used 18466K [0x00000000e0000000, 0x00000000f8000000, 0x0000000100000000)
  eden space 336896K, 0% used [0x00000000e0000000,0x00000000e0000000,0x00000000f4900000)
  from space 22528K, 81% used [0x00000000f6100000,0x00000000f73088f0,0x00000000f7700000)
  to   space 24576K, 0% used [0x00000000f4900000,0x00000000f4900000,0x00000000f6100000)
 ParOldGen       total 88576K, used 36457K [0x00000000a0000000, 0x00000000a5680000, 0x00000000e0000000)
  object space 88576K, 41% used [0x00000000a0000000,0x00000000a239a5a0,0x00000000a5680000)
 Metaspace       used 76544K, capacity 78731K, committed 79104K, reserved 1118208K
  class space    used 10391K, capacity 10885K, committed 11008K, reserved 1048576K
}
Event: 67.175 GC heap before
{Heap before GC invocations=20 (full 3):
 PSYoungGen      total 359424K, used 355362K [0x00000000e0000000, 0x00000000f8000000, 0x0000000100000000)
  eden space 336896K, 100% used [0x00000000e0000000,0x00000000f4900000,0x00000000f4900000)
  from space 22528K, 81% used [0x00000000f6100000,0x00000000f73088f0,0x00000000f7700000)
  to   space 24576K, 0% used [0x00000000f4900000,0x00000000f4900000,0x00000000f6100000)
 ParOldGen       total 88576K, used 36457K [0x00000000a0000000, 0x00000000a5680000, 0x00000000e0000000)
  object space 88576K, 41% used [0x00000000a0000000,0x00000000a239a5a0,0x00000000a5680000)
 Metaspace       used 79844K, capacity 82351K, committed 82560K, reserved 1120256K
  class space    used 10779K, capacity 11331K, committed 11392K, reserved 1048576K
Event: 67.214 GC heap after
Heap after GC invocations=20 (full 3):
 PSYoungGen      total 361472K, used 20664K [0x00000000e0000000, 0x00000000fb100000, 0x0000000100000000)
  eden space 336896K, 0% used [0x00000000e0000000,0x00000000e0000000,0x00000000f4900000)
  from space 24576K, 84% used [0x00000000f4900000,0x00000000f5d2e2e0,0x00000000f6100000)
  to   space 26624K, 0% used [0x00000000f9700000,0x00000000f9700000,0x00000000fb100000)
 ParOldGen       total 88576K, used 36465K [0x00000000a0000000, 0x00000000a5680000, 0x00000000e0000000)
  object space 88576K, 41% used [0x00000000a0000000,0x00000000a239c5a0,0x00000000a5680000)
 Metaspace       used 79844K, capacity 82351K, committed 82560K, reserved 1120256K
  class space    used 10779K, capacity 11331K, committed 11392K, reserved 1048576K
}
Event: 71.850 GC heap before
{Heap before GC invocations=21 (full 3):
 PSYoungGen      total 361472K, used 357560K [0x00000000e0000000, 0x00000000fb100000, 0x0000000100000000)
  eden space 336896K, 100% used [0x00000000e0000000,0x00000000f4900000,0x00000000f4900000)
  from space 24576K, 84% used [0x00000000f4900000,0x00000000f5d2e2e0,0x00000000f6100000)
  to   space 26624K, 0% used [0x00000000f9700000,0x00000000f9700000,0x00000000fb100000)
 ParOldGen       total 88576K, used 36465K [0x00000000a0000000, 0x00000000a5680000, 0x00000000e0000000)
  object space 88576K, 41% used [0x00000000a0000000,0x00000000a239c5a0,0x00000000a5680000)
 Metaspace       used 86650K, capacity 89805K, committed 89984K, reserved 1126400K
  class space    used 11654K, capacity 12294K, committed 12416K, reserved 1048576K
Event: 71.907 GC heap after
Heap after GC invocations=21 (full 3):
 PSYoungGen      total 413184K, used 26207K [0x00000000e0000000, 0x00000000fb780000, 0x0000000100000000)
  eden space 386560K, 0% used [0x00000000e0000000,0x00000000e0000000,0x00000000f7980000)
  from space 26624K, 98% used [0x00000000f9700000,0x00000000fb097ee0,0x00000000fb100000)
  to   space 30208K, 0% used [0x00000000f7980000,0x00000000f7980000,0x00000000f9700000)
 ParOldGen       total 88576K, used 36473K [0x00000000a0000000, 0x00000000a5680000, 0x00000000e0000000)
  object space 88576K, 41% used [0x00000000a0000000,0x00000000a239e5a0,0x00000000a5680000)
 Metaspace       used 86650K, capacity 89805K, committed 89984K, reserved 1126400K
  class space    used 11654K, capacity 12294K, committed 12416K, reserved 1048576K
}
Event: 74.439 GC heap before
{Heap before GC invocations=22 (full 3):
 PSYoungGen      total 413184K, used 412767K [0x00000000e0000000, 0x00000000fb780000, 0x0000000100000000)
  eden space 386560K, 100% used [0x00000000e0000000,0x00000000f7980000,0x00000000f7980000)
  from space 26624K, 98% used [0x00000000f9700000,0x00000000fb097ee0,0x00000000fb100000)
  to   space 30208K, 0% used [0x00000000f7980000,0x00000000f7980000,0x00000000f9700000)
 ParOldGen       total 88576K, used 36473K [0x00000000a0000000, 0x00000000a5680000, 0x00000000e0000000)
  object space 88576K, 41% used [0x00000000a0000000,0x00000000a239e5a0,0x00000000a5680000)
 Metaspace       used 87172K, capacity 90393K, committed 90752K, reserved 1128448K
  class space    used 11663K, capacity 12298K, committed 12416K, reserved 1048576K

